2020-01-17 01:24:06,844 INFO  [ConfigInicial] Configuracoes iniciais em andamento 
2020-01-17 01:24:13,553 INFO  [DriverFactory] Driver criado 
2020-01-17 01:24:14,872 INFO  [DriverFactory] Navegador inicializado com o site https://www.advantageonlineshopping.com/#/ 
2020-01-17 01:24:19,048 INFO  [DriverFactory] Navegador maximizado 
2020-01-17 01:24:19,059 INFO  [DriverFactory] Comando de espera ImplicityWait inicializado 
2020-01-17 01:24:19,059 INFO  [ConfigInicial] Driver fabricado 
2020-01-17 01:24:19,115 INFO  [ConfigInicial] HomePageFactory inicializado 
2020-01-17 01:24:19,116 INFO  [ConfigInicial] LoginPageFactory inicializado 
2020-01-17 01:24:19,128 INFO  [ConfigInicial] RegisterPageFactory inicializado 
2020-01-17 01:24:20,065 INFO  [ConfigInicial] Massa de dados inicializada 
2020-01-17 01:24:20,066 INFO  [ConfigInicial] Configuracoes iniciais concluidas 
2020-01-17 01:24:20,480 INFO  [Cadastro] Botao conta clicado 
2020-01-17 01:24:21,419 INFO  [Cadastro] Botao criar nova conta clicado 
2020-01-17 01:24:22,111 INFO  [Cadastro] Iniciado o cadastro 
2020-01-17 01:24:22,111 INFO  [Cadastro] Nome de usuario inserido 
2020-01-17 01:24:22,518 INFO  [Cadastro] Email inserido 
2020-01-17 01:24:22,900 INFO  [Cadastro] Senha inserida 
2020-01-17 01:24:23,272 INFO  [Cadastro] Senha confirmada 
2020-01-17 01:24:23,559 INFO  [Cadastro] Nome inserido 
2020-01-17 01:24:23,846 INFO  [Cadastro] Sobrenome inserido 
2020-01-17 01:24:24,285 INFO  [Cadastro] Telefone inserido 
2020-01-17 01:24:24,546 INFO  [Cadastro] Nacionalidade selecionada 
2020-01-17 01:24:24,876 INFO  [Cadastro] Cidade inserida 
2020-01-17 01:24:25,507 INFO  [Cadastro] Endereco inserido 
2020-01-17 01:24:25,712 INFO  [Cadastro] Estado inserido 
2020-01-17 01:24:26,057 INFO  [Cadastro] CEP inserido 
2020-01-17 01:24:26,182 INFO  [Cadastro] Botao promocoes clicado 
2020-01-17 01:24:26,361 INFO  [Cadastro] Botao termos de uso clicado 
2020-01-17 01:24:26,615 INFO  [Cadastro] Botao register clicado 
2020-01-17 01:24:37,173 INFO  [Login] Botao conta clicado 
2020-01-17 01:24:37,521 INFO  [Login] Nome de usuario inserido no campo username 
2020-01-17 01:24:37,913 INFO  [Login] Senha do usuario inserida no campo password 
2020-01-17 01:24:38,109 INFO  [Login] Botao login clicado 
2020-01-17 01:24:38,673 INFO  [Login] Print da tela efetuado 
2020-01-17 01:24:39,174 INFO  [Cadastro] Botao conta clicado 
2020-01-17 01:24:50,565 INFO  [DriverFactory] Driver encerrado 
2020-01-17 01:24:50,565 INFO  [ConfigInicial] Navegador encerrado 
2020-01-17 01:25:29,422 INFO  [ConfigInicial] Configuracoes iniciais em andamento 
2020-01-17 01:25:36,533 INFO  [DriverFactory] Driver criado 
2020-01-17 01:25:37,742 INFO  [DriverFactory] Navegador inicializado com o site https://www.advantageonlineshopping.com/#/ 
2020-01-17 01:25:41,941 INFO  [DriverFactory] Navegador maximizado 
2020-01-17 01:25:41,952 INFO  [DriverFactory] Comando de espera ImplicityWait inicializado 
2020-01-17 01:25:41,952 INFO  [ConfigInicial] Driver fabricado 
2020-01-17 01:25:42,011 INFO  [ConfigInicial] HomePageFactory inicializado 
2020-01-17 01:25:42,014 INFO  [ConfigInicial] LoginPageFactory inicializado 
2020-01-17 01:25:42,022 INFO  [ConfigInicial] RegisterPageFactory inicializado 
2020-01-17 01:27:37,662 INFO  [ConfigInicial] Configuracoes iniciais em andamento 
2020-01-17 01:27:44,779 INFO  [DriverFactory] Driver criado 
2020-01-17 01:27:45,850 INFO  [DriverFactory] Navegador inicializado com o site https://www.advantageonlineshopping.com/#/ 
2020-01-17 01:27:50,041 INFO  [DriverFactory] Navegador maximizado 
2020-01-17 01:27:50,051 INFO  [DriverFactory] Comando de espera ImplicityWait inicializado 
2020-01-17 01:27:50,051 INFO  [ConfigInicial] Driver fabricado 
2020-01-17 01:27:50,112 INFO  [ConfigInicial] HomePageFactory inicializado 
2020-01-17 01:27:50,114 INFO  [ConfigInicial] LoginPageFactory inicializado 
2020-01-17 01:27:50,124 INFO  [ConfigInicial] RegisterPageFactory inicializado 
2020-01-17 01:27:51,131 INFO  [ConfigInicial] Massa de dados inicializada 
2020-01-17 01:27:51,131 INFO  [ConfigInicial] Configuracoes iniciais concluidas 
2020-01-17 01:27:51,575 INFO  [Cadastro] Botao conta clicado 
2020-01-17 01:27:52,503 INFO  [Cadastro] Botao criar nova conta clicado 
2020-01-17 01:27:53,165 INFO  [Cadastro] Iniciado o cadastro 
2020-01-17 01:27:53,165 INFO  [Cadastro] Nome de usuario inserido 
2020-01-17 01:27:53,515 INFO  [Cadastro] Email inserido 
2020-01-17 01:27:53,899 INFO  [Cadastro] Senha inserida 
2020-01-17 01:27:54,296 INFO  [Cadastro] Senha confirmada 
2020-01-17 01:27:54,602 INFO  [Cadastro] Nome inserido 
2020-01-17 01:27:54,889 INFO  [Cadastro] Sobrenome inserido 
2020-01-17 01:27:55,271 INFO  [Cadastro] Telefone inserido 
2020-01-17 01:27:55,558 INFO  [Cadastro] Nacionalidade selecionada 
2020-01-17 01:27:55,884 INFO  [Cadastro] Cidade inserida 
2020-01-17 01:27:56,443 INFO  [Cadastro] Endereco inserido 
2020-01-17 01:27:56,638 INFO  [Cadastro] Estado inserido 
2020-01-17 01:27:56,944 INFO  [Cadastro] CEP inserido 
2020-01-17 01:27:57,117 INFO  [Cadastro] Botao promocoes clicado 
2020-01-17 01:27:57,312 INFO  [Cadastro] Botao termos de uso clicado 
2020-01-17 01:27:57,560 INFO  [Cadastro] Botao register clicado 
2020-01-17 01:28:08,144 INFO  [Login] Botao conta clicado 
2020-01-17 01:28:13,466 INFO  [Cadastro] Botao conta clicado 
2020-01-17 01:30:14,875 INFO  [ConfigInicial] Configuracoes iniciais em andamento 
2020-01-17 01:30:21,646 INFO  [DriverFactory] Driver criado 
2020-01-17 01:30:22,814 INFO  [DriverFactory] Navegador inicializado com o site https://www.advantageonlineshopping.com/#/ 
2020-01-17 01:30:26,986 INFO  [DriverFactory] Navegador maximizado 
2020-01-17 01:30:26,997 INFO  [DriverFactory] Comando de espera ImplicityWait inicializado 
2020-01-17 01:30:26,997 INFO  [ConfigInicial] Driver fabricado 
2020-01-17 01:30:27,049 INFO  [ConfigInicial] HomePageFactory inicializado 
2020-01-17 01:30:27,052 INFO  [ConfigInicial] LoginPageFactory inicializado 
2020-01-17 01:30:27,064 INFO  [ConfigInicial] RegisterPageFactory inicializado 
2020-01-17 01:30:28,038 INFO  [ConfigInicial] Massa de dados inicializada 
2020-01-17 01:30:28,038 INFO  [ConfigInicial] Configuracoes iniciais concluidas 
2020-01-17 01:30:28,336 INFO  [Cadastro] Botao conta clicado 
2020-01-17 01:30:29,133 INFO  [Cadastro] Botao criar nova conta clicado 
2020-01-17 01:30:29,649 INFO  [Cadastro] Iniciado o cadastro 
2020-01-17 01:30:29,649 INFO  [Cadastro] Nome de usuario inserido 
2020-01-17 01:30:30,008 INFO  [Cadastro] Email inserido 
2020-01-17 01:30:30,312 INFO  [Cadastro] Senha inserida 
2020-01-17 01:30:30,666 INFO  [Cadastro] Senha confirmada 
2020-01-17 01:30:30,988 INFO  [Cadastro] Nome inserido 
2020-01-17 01:30:31,254 INFO  [Cadastro] Sobrenome inserido 
2020-01-17 01:30:31,766 INFO  [Cadastro] Telefone inserido 
2020-01-17 01:30:32,000 INFO  [Cadastro] Nacionalidade selecionada 
2020-01-17 01:30:32,343 INFO  [Cadastro] Cidade inserida 
2020-01-17 01:30:32,770 INFO  [Cadastro] Endereco inserido 
2020-01-17 01:30:33,533 INFO  [DriverFactory] Driver encerrado 
2020-01-17 01:30:33,533 INFO  [ConfigInicial] Navegador encerrado 
2020-01-17 01:30:33,556 INFO  [ConfigInicial] Configuracoes iniciais em andamento 
2020-01-17 01:30:33,556 INFO  [ConfigInicial] Driver fabricado 
2020-01-17 01:30:33,556 INFO  [ConfigInicial] HomePageFactory inicializado 
2020-01-17 01:30:33,559 INFO  [ConfigInicial] LoginPageFactory inicializado 
2020-01-17 01:30:33,560 INFO  [ConfigInicial] RegisterPageFactory inicializado 
2020-01-17 01:30:33,659 INFO  [ConfigInicial] Massa de dados inicializada 
2020-01-17 01:30:33,659 INFO  [ConfigInicial] Configuracoes iniciais concluidas 
2020-01-17 01:30:33,668 INFO  [DriverFactory] Driver encerrado 
2020-01-17 01:30:33,669 INFO  [ConfigInicial] Navegador encerrado 
2020-01-17 01:30:33,689 INFO  [ConfigInicial] Configuracoes iniciais em andamento 
2020-01-17 01:30:33,689 INFO  [ConfigInicial] Driver fabricado 
2020-01-17 01:30:33,690 INFO  [ConfigInicial] HomePageFactory inicializado 
2020-01-17 01:30:33,690 INFO  [ConfigInicial] LoginPageFactory inicializado 
2020-01-17 01:30:33,693 INFO  [ConfigInicial] RegisterPageFactory inicializado 
2020-01-17 01:30:33,781 INFO  [ConfigInicial] Massa de dados inicializada 
2020-01-17 01:30:33,781 INFO  [ConfigInicial] Configuracoes iniciais concluidas 
2020-01-17 01:30:33,788 INFO  [DriverFactory] Driver encerrado 
2020-01-17 01:30:33,788 INFO  [ConfigInicial] Navegador encerrado 
2020-01-17 01:30:59,680 INFO  [ConfigInicial] Configuracoes iniciais em andamento 
2020-01-17 01:31:06,391 INFO  [DriverFactory] Driver criado 
2020-01-17 01:31:07,413 INFO  [DriverFactory] Navegador inicializado com o site https://www.advantageonlineshopping.com/#/ 
2020-01-17 01:31:11,581 INFO  [DriverFactory] Navegador maximizado 
2020-01-17 01:31:11,587 INFO  [DriverFactory] Comando de espera ImplicityWait inicializado 
2020-01-17 01:31:11,589 INFO  [ConfigInicial] Driver fabricado 
2020-01-17 01:31:11,631 INFO  [ConfigInicial] HomePageFactory inicializado 
2020-01-17 01:31:11,635 INFO  [ConfigInicial] LoginPageFactory inicializado 
2020-01-17 01:31:11,643 INFO  [ConfigInicial] RegisterPageFactory inicializado 
2020-01-17 01:31:12,503 INFO  [ConfigInicial] Massa de dados inicializada 
2020-01-17 01:31:12,503 INFO  [ConfigInicial] Configuracoes iniciais concluidas 
2020-01-17 01:31:12,802 INFO  [Cadastro] Botao conta clicado 
2020-01-17 01:31:13,573 INFO  [Cadastro] Botao criar nova conta clicado 
2020-01-17 01:31:14,082 INFO  [Cadastro] Iniciado o cadastro 
2020-01-17 01:31:14,082 INFO  [Cadastro] Nome de usuario inserido 
2020-01-17 01:31:14,521 INFO  [Cadastro] Email inserido 
2020-01-17 01:31:15,141 INFO  [Cadastro] Senha inserida 
2020-01-17 01:31:15,665 INFO  [Cadastro] Senha confirmada 
2020-01-17 01:31:16,171 INFO  [Cadastro] Nome inserido 
2020-01-17 01:31:16,609 INFO  [Cadastro] Sobrenome inserido 
2020-01-17 01:31:17,250 INFO  [Cadastro] Telefone inserido 
2020-01-17 01:31:17,601 INFO  [Cadastro] Nacionalidade selecionada 
2020-01-17 01:31:17,898 INFO  [Cadastro] Cidade inserida 
2020-01-17 01:31:18,501 INFO  [Cadastro] Endereco inserido 
2020-01-17 01:31:18,700 INFO  [Cadastro] Estado inserido 
2020-01-17 01:31:18,980 INFO  [Cadastro] CEP inserido 
2020-01-17 01:31:19,137 INFO  [Cadastro] Botao promocoes clicado 
2020-01-17 01:31:19,321 INFO  [Cadastro] Botao termos de uso clicado 
2020-01-17 01:31:19,578 INFO  [Cadastro] Botao register clicado 
2020-01-17 01:31:30,580 INFO  [DriverFactory] Driver encerrado 
2020-01-17 01:31:30,580 INFO  [ConfigInicial] Navegador encerrado 
2020-01-17 01:31:30,603 INFO  [ConfigInicial] Configuracoes iniciais em andamento 
2020-01-17 01:31:30,603 INFO  [ConfigInicial] Driver fabricado 
2020-01-17 01:31:30,606 INFO  [ConfigInicial] HomePageFactory inicializado 
2020-01-17 01:31:30,607 INFO  [ConfigInicial] LoginPageFactory inicializado 
2020-01-17 01:31:30,608 INFO  [ConfigInicial] RegisterPageFactory inicializado 
2020-01-17 01:31:30,711 INFO  [ConfigInicial] Massa de dados inicializada 
2020-01-17 01:31:30,711 INFO  [ConfigInicial] Configuracoes iniciais concluidas 
2020-01-17 01:31:30,725 INFO  [DriverFactory] Driver encerrado 
2020-01-17 01:31:30,725 INFO  [ConfigInicial] Navegador encerrado 
2020-01-17 01:31:30,742 INFO  [ConfigInicial] Configuracoes iniciais em andamento 
2020-01-17 01:31:30,742 INFO  [ConfigInicial] Driver fabricado 
2020-01-17 01:31:30,743 INFO  [ConfigInicial] HomePageFactory inicializado 
2020-01-17 01:31:30,744 INFO  [ConfigInicial] LoginPageFactory inicializado 
2020-01-17 01:31:30,744 INFO  [ConfigInicial] RegisterPageFactory inicializado 
2020-01-17 01:31:30,819 INFO  [ConfigInicial] Massa de dados inicializada 
2020-01-17 01:31:30,819 INFO  [ConfigInicial] Configuracoes iniciais concluidas 
2020-01-17 01:31:30,829 INFO  [DriverFactory] Driver encerrado 
2020-01-17 01:31:30,829 INFO  [ConfigInicial] Navegador encerrado 
2020-01-17 01:38:50,955 INFO  [ConfigInicial] Configuracoes iniciais em andamento 
2020-01-17 01:38:57,704 INFO  [DriverFactory] Driver criado 
2020-01-17 01:38:58,839 INFO  [DriverFactory] Navegador inicializado com o site https://www.advantageonlineshopping.com/#/ 
2020-01-17 01:39:03,009 INFO  [DriverFactory] Navegador maximizado 
2020-01-17 01:39:03,016 INFO  [DriverFactory] Comando de espera ImplicityWait inicializado 
2020-01-17 01:39:03,016 INFO  [ConfigInicial] Driver fabricado 
2020-01-17 01:39:03,068 INFO  [ConfigInicial] HomePageFactory inicializado 
2020-01-17 01:39:03,071 INFO  [ConfigInicial] LoginPageFactory inicializado 
2020-01-17 01:39:03,081 INFO  [ConfigInicial] RegisterPageFactory inicializado 
2020-01-17 01:39:03,911 INFO  [ConfigInicial] Massa de dados inicializada 
2020-01-17 01:39:03,911 INFO  [ConfigInicial] Configuracoes iniciais concluidas 
2020-01-17 01:39:04,274 INFO  [Cadastro] Botao conta clicado 
2020-01-17 01:39:05,096 INFO  [Cadastro] Botao criar nova conta clicado 
2020-01-17 01:39:05,601 INFO  [Cadastro] Iniciado o cadastro 
2020-01-17 01:39:05,601 INFO  [Cadastro] Nome de usuario inserido 
2020-01-17 01:39:05,922 INFO  [Cadastro] Email inserido 
2020-01-17 01:39:06,264 INFO  [Cadastro] Senha inserida 
2020-01-17 01:39:06,607 INFO  [Cadastro] Senha confirmada 
2020-01-17 01:39:06,986 INFO  [Cadastro] Nome inserido 
2020-01-17 01:39:07,258 INFO  [Cadastro] Sobrenome inserido 
2020-01-17 01:39:07,754 INFO  [Cadastro] Telefone inserido 
2020-01-17 01:39:08,041 INFO  [Cadastro] Nacionalidade selecionada 
2020-01-17 01:39:08,530 INFO  [Cadastro] Cidade inserida 
2020-01-17 01:39:09,428 INFO  [Cadastro] Endereco inserido 
2020-01-17 01:39:09,576 INFO  [Cadastro] Estado inserido 
2020-01-17 01:39:09,851 INFO  [Cadastro] CEP inserido 
2020-01-17 01:39:10,030 INFO  [Cadastro] Botao promocoes clicado 
2020-01-17 01:39:10,298 INFO  [Cadastro] Botao termos de uso clicado 
2020-01-17 01:39:10,636 INFO  [Cadastro] Botao register clicado 
2020-01-17 01:39:21,709 INFO  [DriverFactory] Driver encerrado 
2020-01-17 01:39:21,709 INFO  [ConfigInicial] Navegador encerrado 
2020-01-17 01:39:21,733 INFO  [ConfigInicial] Configuracoes iniciais em andamento 
2020-01-17 01:39:21,733 INFO  [ConfigInicial] Driver fabricado 
2020-01-17 01:39:21,734 INFO  [ConfigInicial] HomePageFactory inicializado 
2020-01-17 01:39:21,735 INFO  [ConfigInicial] LoginPageFactory inicializado 
2020-01-17 01:39:21,736 INFO  [ConfigInicial] RegisterPageFactory inicializado 
2020-01-17 01:39:21,830 INFO  [ConfigInicial] Massa de dados inicializada 
2020-01-17 01:39:21,830 INFO  [ConfigInicial] Configuracoes iniciais concluidas 
2020-01-17 01:39:21,846 INFO  [DriverFactory] Driver encerrado 
2020-01-17 01:39:21,847 INFO  [ConfigInicial] Navegador encerrado 
2020-01-17 01:39:21,868 INFO  [ConfigInicial] Configuracoes iniciais em andamento 
2020-01-17 01:39:21,868 INFO  [ConfigInicial] Driver fabricado 
2020-01-17 01:39:21,868 INFO  [ConfigInicial] HomePageFactory inicializado 
2020-01-17 01:39:21,868 INFO  [ConfigInicial] LoginPageFactory inicializado 
2020-01-17 01:39:21,868 INFO  [ConfigInicial] RegisterPageFactory inicializado 
2020-01-17 01:39:21,948 INFO  [ConfigInicial] Massa de dados inicializada 
2020-01-17 01:39:21,948 INFO  [ConfigInicial] Configuracoes iniciais concluidas 
2020-01-17 01:39:21,954 INFO  [DriverFactory] Driver encerrado 
2020-01-17 01:39:21,954 INFO  [ConfigInicial] Navegador encerrado 
2020-01-17 01:45:51,265 INFO  [ConfigInicial] Configuracoes iniciais em andamento 
2020-01-17 01:45:57,933 INFO  [DriverFactory] Driver criado 
2020-01-17 01:46:00,074 INFO  [DriverFactory] Navegador inicializado com o site https://www.advantageonlineshopping.com/#/ 
2020-01-17 01:46:04,244 INFO  [DriverFactory] Navegador maximizado 
2020-01-17 01:46:04,253 INFO  [DriverFactory] Comando de espera ImplicityWait inicializado 
2020-01-17 01:46:04,253 INFO  [ConfigInicial] Driver fabricado 
2020-01-17 01:46:04,303 INFO  [ConfigInicial] HomePageFactory inicializado 
2020-01-17 01:46:04,306 INFO  [ConfigInicial] LoginPageFactory inicializado 
2020-01-17 01:46:04,313 INFO  [ConfigInicial] RegisterPageFactory inicializado 
2020-01-17 01:46:05,190 INFO  [ConfigInicial] Massa de dados inicializada 
2020-01-17 01:46:05,190 INFO  [ConfigInicial] Configuracoes iniciais concluidas 
2020-01-17 01:46:05,484 INFO  [Cadastro] Botao conta clicado 
2020-01-17 01:46:06,282 INFO  [Cadastro] Botao criar nova conta clicado 
2020-01-17 01:46:06,812 INFO  [Cadastro] Iniciado o cadastro 
2020-01-17 01:46:06,812 INFO  [Cadastro] Nome de usuario inserido 
2020-01-17 01:46:07,201 INFO  [Cadastro] Email inserido 
2020-01-17 01:46:07,511 INFO  [Cadastro] Senha inserida 
2020-01-17 01:46:07,863 INFO  [Cadastro] Senha confirmada 
2020-01-17 01:46:08,190 INFO  [Cadastro] Nome inserido 
2020-01-17 01:46:08,456 INFO  [Cadastro] Sobrenome inserido 
2020-01-17 01:46:09,009 INFO  [Cadastro] Telefone inserido 
2020-01-17 01:46:09,436 INFO  [Cadastro] Nacionalidade selecionada 
2020-01-17 01:46:09,889 INFO  [Cadastro] Cidade inserida 
2020-01-17 01:46:10,695 INFO  [Cadastro] Endereco inserido 
2020-01-17 01:46:10,910 INFO  [Cadastro] Estado inserido 
2020-01-17 01:46:11,169 INFO  [Cadastro] CEP inserido 
2020-01-17 01:46:11,333 INFO  [Cadastro] Botao promocoes clicado 
2020-01-17 01:46:11,530 INFO  [Cadastro] Botao termos de uso clicado 
2020-01-17 01:46:33,613 INFO  [ConfigInicial] Configuracoes iniciais em andamento 
2020-01-17 01:46:40,462 INFO  [DriverFactory] Driver criado 
2020-01-17 01:46:41,801 INFO  [DriverFactory] Navegador inicializado com o site https://www.advantageonlineshopping.com/#/ 
2020-01-17 01:46:46,047 INFO  [DriverFactory] Navegador maximizado 
2020-01-17 01:46:46,056 INFO  [DriverFactory] Comando de espera ImplicityWait inicializado 
2020-01-17 01:46:46,056 INFO  [ConfigInicial] Driver fabricado 
2020-01-17 01:46:46,110 INFO  [ConfigInicial] HomePageFactory inicializado 
2020-01-17 01:46:46,110 INFO  [ConfigInicial] LoginPageFactory inicializado 
2020-01-17 01:46:46,121 INFO  [ConfigInicial] RegisterPageFactory inicializado 
2020-01-17 01:46:47,037 INFO  [ConfigInicial] Massa de dados inicializada 
2020-01-17 01:46:47,037 INFO  [ConfigInicial] Configuracoes iniciais concluidas 
2020-01-17 01:46:47,330 INFO  [Cadastro] Botao conta clicado 
2020-01-17 01:46:48,100 INFO  [Cadastro] Botao criar nova conta clicado 
2020-01-17 01:46:48,624 INFO  [Cadastro] Iniciado o cadastro 
2020-01-17 01:46:48,624 INFO  [Cadastro] Nome de usuario inserido 
2020-01-17 01:46:49,046 INFO  [Cadastro] Email inserido 
2020-01-17 01:46:49,545 INFO  [Cadastro] Senha inserida 
2020-01-17 01:46:49,916 INFO  [Cadastro] Senha confirmada 
2020-01-17 01:46:50,207 INFO  [Cadastro] Nome inserido 
2020-01-17 01:46:50,468 INFO  [Cadastro] Sobrenome inserido 
2020-01-17 01:46:50,915 INFO  [Cadastro] Telefone inserido 
2020-01-17 01:46:51,194 INFO  [Cadastro] Nacionalidade selecionada 
2020-01-17 01:46:51,510 INFO  [Cadastro] Cidade inserida 
2020-01-17 01:46:52,223 INFO  [Cadastro] Endereco inserido 
2020-01-17 01:46:52,461 INFO  [Cadastro] Estado inserido 
2020-01-17 01:46:52,779 INFO  [Cadastro] CEP inserido 
2020-01-17 01:46:52,939 INFO  [Cadastro] Botao promocoes clicado 
2020-01-17 01:46:53,118 INFO  [Cadastro] Botao termos de uso clicado 
2020-01-17 01:46:53,377 INFO  [Cadastro] Botao register clicado 
2020-01-17 01:46:59,190 INFO  [DriverFactory] Driver encerrado 
2020-01-17 01:46:59,190 INFO  [ConfigInicial] Navegador encerrado 
2020-01-17 01:46:59,213 INFO  [ConfigInicial] Configuracoes iniciais em andamento 
2020-01-17 01:46:59,213 INFO  [ConfigInicial] Driver fabricado 
2020-01-17 01:46:59,214 INFO  [ConfigInicial] HomePageFactory inicializado 
2020-01-17 01:46:59,214 INFO  [ConfigInicial] LoginPageFactory inicializado 
2020-01-17 01:46:59,215 INFO  [ConfigInicial] RegisterPageFactory inicializado 
2020-01-17 01:46:59,315 INFO  [ConfigInicial] Massa de dados inicializada 
2020-01-17 01:46:59,315 INFO  [ConfigInicial] Configuracoes iniciais concluidas 
2020-01-17 01:46:59,325 INFO  [DriverFactory] Driver encerrado 
2020-01-17 01:46:59,325 INFO  [ConfigInicial] Navegador encerrado 
2020-01-17 01:46:59,342 INFO  [ConfigInicial] Configuracoes iniciais em andamento 
2020-01-17 01:46:59,342 INFO  [ConfigInicial] Driver fabricado 
2020-01-17 01:46:59,342 INFO  [ConfigInicial] HomePageFactory inicializado 
2020-01-17 01:46:59,342 INFO  [ConfigInicial] LoginPageFactory inicializado 
2020-01-17 01:46:59,344 INFO  [ConfigInicial] RegisterPageFactory inicializado 
2020-01-17 01:46:59,421 INFO  [ConfigInicial] Massa de dados inicializada 
2020-01-17 01:46:59,421 INFO  [ConfigInicial] Configuracoes iniciais concluidas 
2020-01-17 01:46:59,428 INFO  [DriverFactory] Driver encerrado 
2020-01-17 01:46:59,428 INFO  [ConfigInicial] Navegador encerrado 
2020-01-17 01:55:22,354 INFO  [ConfigInicial] Configuracoes iniciais em andamento 
2020-01-17 01:55:28,995 INFO  [DriverFactory] Driver criado 
2020-01-17 01:55:30,266 INFO  [DriverFactory] Navegador inicializado com o site https://www.advantageonlineshopping.com/#/ 
2020-01-17 01:55:46,784 INFO  [ConfigInicial] Configuracoes iniciais em andamento 
2020-01-17 01:55:53,384 INFO  [DriverFactory] Driver criado 
2020-01-17 01:55:54,456 INFO  [DriverFactory] Navegador inicializado com o site https://www.advantageonlineshopping.com/#/ 
2020-01-17 01:55:58,612 INFO  [DriverFactory] Navegador maximizado 
2020-01-17 01:55:58,623 INFO  [DriverFactory] Comando de espera ImplicityWait inicializado 
2020-01-17 01:55:58,623 INFO  [ConfigInicial] Driver fabricado 
2020-01-17 01:55:58,659 INFO  [ConfigInicial] HomePageFactory inicializado 
2020-01-17 01:55:58,663 INFO  [ConfigInicial] LoginPageFactory inicializado 
2020-01-17 01:55:58,670 INFO  [ConfigInicial] RegisterPageFactory inicializado 
2020-01-17 01:55:59,541 INFO  [ConfigInicial] Massa de dados inicializada 
2020-01-17 01:55:59,541 INFO  [ConfigInicial] Configuracoes iniciais concluidas 
2020-01-17 01:55:59,888 INFO  [Cadastro] Botao conta clicado 
2020-01-17 01:56:00,854 INFO  [Cadastro] Botao criar nova conta clicado 
2020-01-17 01:56:01,469 INFO  [Cadastro] Iniciado o cadastro 
2020-01-17 01:56:01,469 INFO  [Cadastro] Nome de usuario inserido 
2020-01-17 01:56:01,879 INFO  [Cadastro] Email inserido 
2020-01-17 01:56:02,172 INFO  [Cadastro] Senha inserida 
2020-01-17 01:56:02,548 INFO  [Cadastro] Senha confirmada 
2020-01-17 01:56:02,892 INFO  [Cadastro] Nome inserido 
2020-01-17 01:56:03,150 INFO  [Cadastro] Sobrenome inserido 
2020-01-17 01:56:03,623 INFO  [Cadastro] Telefone inserido 
2020-01-17 01:56:03,898 INFO  [Cadastro] Nacionalidade selecionada 
2020-01-17 01:56:04,174 INFO  [Cadastro] Cidade inserida 
2020-01-17 01:56:04,816 INFO  [Cadastro] Endereco inserido 
2020-01-17 01:56:05,002 INFO  [Cadastro] Estado inserido 
2020-01-17 01:56:05,338 INFO  [Cadastro] CEP inserido 
2020-01-17 01:56:05,505 INFO  [Cadastro] Botao promocoes clicado 
2020-01-17 01:56:05,731 INFO  [Cadastro] Botao termos de uso clicado 
2020-01-17 01:56:05,986 INFO  [Cadastro] Botao register clicado 
2020-01-17 01:56:06,724 INFO  [DriverFactory] Driver encerrado 
2020-01-17 01:56:06,724 INFO  [ConfigInicial] Navegador encerrado 
2020-01-17 01:56:06,748 INFO  [ConfigInicial] Configuracoes iniciais em andamento 
2020-01-17 01:56:06,748 INFO  [ConfigInicial] Driver fabricado 
2020-01-17 01:56:06,749 INFO  [ConfigInicial] HomePageFactory inicializado 
2020-01-17 01:56:06,750 INFO  [ConfigInicial] LoginPageFactory inicializado 
2020-01-17 01:56:06,751 INFO  [ConfigInicial] RegisterPageFactory inicializado 
2020-01-17 01:56:06,841 INFO  [ConfigInicial] Massa de dados inicializada 
2020-01-17 01:56:06,841 INFO  [ConfigInicial] Configuracoes iniciais concluidas 
2020-01-17 01:56:06,871 INFO  [DriverFactory] Driver encerrado 
2020-01-17 01:56:06,871 INFO  [ConfigInicial] Navegador encerrado 
2020-01-17 01:56:06,889 INFO  [ConfigInicial] Configuracoes iniciais em andamento 
2020-01-17 01:56:06,889 INFO  [ConfigInicial] Driver fabricado 
2020-01-17 01:56:06,889 INFO  [ConfigInicial] HomePageFactory inicializado 
2020-01-17 01:56:06,889 INFO  [ConfigInicial] LoginPageFactory inicializado 
2020-01-17 01:56:06,891 INFO  [ConfigInicial] RegisterPageFactory inicializado 
2020-01-17 01:56:06,965 INFO  [ConfigInicial] Massa de dados inicializada 
2020-01-17 01:56:06,965 INFO  [ConfigInicial] Configuracoes iniciais concluidas 
2020-01-17 01:56:06,974 INFO  [DriverFactory] Driver encerrado 
2020-01-17 01:56:06,974 INFO  [ConfigInicial] Navegador encerrado 
2020-01-17 01:57:31,734 INFO  [ConfigInicial] Configuracoes iniciais em andamento 
2020-01-17 01:57:38,358 INFO  [DriverFactory] Driver criado 
2020-01-17 01:57:40,007 INFO  [DriverFactory] Navegador inicializado com o site https://www.advantageonlineshopping.com/#/ 
2020-01-17 01:57:44,239 INFO  [DriverFactory] Navegador maximizado 
2020-01-17 01:57:44,250 INFO  [DriverFactory] Comando de espera ImplicityWait inicializado 
2020-01-17 01:57:44,250 INFO  [ConfigInicial] Driver fabricado 
2020-01-17 01:57:44,297 INFO  [ConfigInicial] HomePageFactory inicializado 
2020-01-17 01:57:44,299 INFO  [ConfigInicial] LoginPageFactory inicializado 
2020-01-17 01:57:44,307 INFO  [ConfigInicial] RegisterPageFactory inicializado 
2020-01-17 01:57:45,192 INFO  [ConfigInicial] Massa de dados inicializada 
2020-01-17 01:57:45,192 INFO  [ConfigInicial] Configuracoes iniciais concluidas 
2020-01-17 01:57:45,499 INFO  [Cadastro] Botao conta clicado 
2020-01-17 01:57:46,322 INFO  [Cadastro] Botao criar nova conta clicado 
2020-01-17 01:57:46,804 INFO  [Cadastro] Iniciado o cadastro 
2020-01-17 01:57:46,804 INFO  [Cadastro] Nome de usuario inserido 
2020-01-17 01:57:47,229 INFO  [Cadastro] Email inserido 
2020-01-17 01:57:47,606 INFO  [Cadastro] Senha inserida 
2020-01-17 01:57:48,069 INFO  [Cadastro] Senha confirmada 
2020-01-17 01:57:48,487 INFO  [Cadastro] Nome inserido 
2020-01-17 01:57:48,767 INFO  [Cadastro] Sobrenome inserido 
2020-01-17 01:57:49,184 INFO  [Cadastro] Telefone inserido 
2020-01-17 01:57:49,474 INFO  [Cadastro] Nacionalidade selecionada 
2020-01-17 01:57:49,800 INFO  [Cadastro] Cidade inserida 
2020-01-17 01:57:50,420 INFO  [Cadastro] Endereco inserido 
2020-01-17 01:57:50,611 INFO  [Cadastro] Estado inserido 
2020-01-17 01:57:50,953 INFO  [Cadastro] CEP inserido 
2020-01-17 01:57:51,125 INFO  [Cadastro] Botao promocoes clicado 
2020-01-17 01:57:51,318 INFO  [Cadastro] Botao termos de uso clicado 
2020-01-17 01:57:51,577 INFO  [Cadastro] Botao register clicado 
2020-01-17 01:57:53,459 INFO  [Cadastro] Print da tela efetuado 
2020-01-17 01:57:54,153 INFO  [DriverFactory] Driver encerrado 
2020-01-17 01:57:54,153 INFO  [ConfigInicial] Navegador encerrado 
2020-01-17 01:57:54,182 INFO  [ConfigInicial] Configuracoes iniciais em andamento 
2020-01-17 01:57:54,182 INFO  [ConfigInicial] Driver fabricado 
2020-01-17 01:57:54,183 INFO  [ConfigInicial] HomePageFactory inicializado 
2020-01-17 01:57:54,183 INFO  [ConfigInicial] LoginPageFactory inicializado 
2020-01-17 01:57:54,185 INFO  [ConfigInicial] RegisterPageFactory inicializado 
2020-01-17 01:57:54,286 INFO  [ConfigInicial] Massa de dados inicializada 
2020-01-17 01:57:54,286 INFO  [ConfigInicial] Configuracoes iniciais concluidas 
2020-01-17 01:57:54,312 INFO  [DriverFactory] Driver encerrado 
2020-01-17 01:57:54,312 INFO  [ConfigInicial] Navegador encerrado 
2020-01-17 01:57:54,335 INFO  [ConfigInicial] Configuracoes iniciais em andamento 
2020-01-17 01:57:54,335 INFO  [ConfigInicial] Driver fabricado 
2020-01-17 01:57:54,335 INFO  [ConfigInicial] HomePageFactory inicializado 
2020-01-17 01:57:54,335 INFO  [ConfigInicial] LoginPageFactory inicializado 
2020-01-17 01:57:54,340 INFO  [ConfigInicial] RegisterPageFactory inicializado 
2020-01-17 01:57:54,419 INFO  [ConfigInicial] Massa de dados inicializada 
2020-01-17 01:57:54,419 INFO  [ConfigInicial] Configuracoes iniciais concluidas 
2020-01-17 01:57:54,427 INFO  [DriverFactory] Driver encerrado 
2020-01-17 01:57:54,427 INFO  [ConfigInicial] Navegador encerrado 
2020-01-17 01:59:15,616 INFO  [ConfigInicial] Configuracoes iniciais em andamento 
2020-01-17 01:59:22,402 INFO  [DriverFactory] Driver criado 
2020-01-17 01:59:23,652 INFO  [DriverFactory] Navegador inicializado com o site https://www.advantageonlineshopping.com/#/ 
2020-01-17 01:59:27,843 INFO  [DriverFactory] Navegador maximizado 
2020-01-17 01:59:27,855 INFO  [DriverFactory] Comando de espera ImplicityWait inicializado 
2020-01-17 01:59:27,855 INFO  [ConfigInicial] Driver fabricado 
2020-01-17 01:59:27,910 INFO  [ConfigInicial] HomePageFactory inicializado 
2020-01-17 01:59:27,911 INFO  [ConfigInicial] LoginPageFactory inicializado 
2020-01-17 01:59:27,921 INFO  [ConfigInicial] RegisterPageFactory inicializado 
2020-01-17 01:59:28,838 INFO  [ConfigInicial] Massa de dados inicializada 
2020-01-17 01:59:28,838 INFO  [ConfigInicial] Configuracoes iniciais concluidas 
2020-01-17 01:59:29,152 INFO  [Cadastro] Botao conta clicado 
2020-01-17 01:59:29,910 INFO  [Cadastro] Botao criar nova conta clicado 
2020-01-17 01:59:30,407 INFO  [Cadastro] Iniciado o cadastro 
2020-01-17 01:59:30,407 INFO  [Cadastro] Nome de usuario inserido 
2020-01-17 01:59:30,999 INFO  [Cadastro] Email inserido 
2020-01-17 01:59:31,261 INFO  [Cadastro] Senha inserida 
2020-01-17 01:59:31,560 INFO  [Cadastro] Senha confirmada 
2020-01-17 01:59:31,891 INFO  [Cadastro] Nome inserido 
2020-01-17 01:59:32,195 INFO  [Cadastro] Sobrenome inserido 
2020-01-17 01:59:32,714 INFO  [Cadastro] Telefone inserido 
2020-01-17 01:59:32,947 INFO  [Cadastro] Nacionalidade selecionada 
2020-01-17 01:59:33,229 INFO  [Cadastro] Cidade inserida 
2020-01-17 01:59:33,896 INFO  [Cadastro] Endereco inserido 
2020-01-17 01:59:34,073 INFO  [Cadastro] Estado inserido 
2020-01-17 01:59:34,368 INFO  [Cadastro] CEP inserido 
2020-01-17 01:59:34,522 INFO  [Cadastro] Botao promocoes clicado 
2020-01-17 01:59:34,711 INFO  [Cadastro] Botao termos de uso clicado 
2020-01-17 01:59:34,957 INFO  [Cadastro] Botao register clicado 
2020-01-17 01:59:36,693 INFO  [Cadastro] Print da tela efetuado 
2020-01-17 01:59:37,388 INFO  [DriverFactory] Driver encerrado 
2020-01-17 01:59:37,388 INFO  [ConfigInicial] Navegador encerrado 
2020-01-17 01:59:37,411 INFO  [ConfigInicial] Configuracoes iniciais em andamento 
2020-01-17 01:59:42,873 INFO  [DriverFactory] Driver criado 
2020-01-17 01:59:44,048 INFO  [DriverFactory] Navegador inicializado com o site https://www.advantageonlineshopping.com/#/ 
2020-01-17 01:59:48,232 INFO  [DriverFactory] Navegador maximizado 
2020-01-17 01:59:48,239 INFO  [DriverFactory] Comando de espera ImplicityWait inicializado 
2020-01-17 01:59:48,239 INFO  [ConfigInicial] Driver fabricado 
2020-01-17 01:59:48,240 INFO  [ConfigInicial] HomePageFactory inicializado 
2020-01-17 01:59:48,241 INFO  [ConfigInicial] LoginPageFactory inicializado 
2020-01-17 01:59:48,242 INFO  [ConfigInicial] RegisterPageFactory inicializado 
2020-01-17 01:59:48,312 INFO  [ConfigInicial] Massa de dados inicializada 
2020-01-17 01:59:48,312 INFO  [ConfigInicial] Configuracoes iniciais concluidas 
2020-01-17 01:59:48,640 INFO  [Login] Botao conta clicado 
2020-01-17 01:59:48,912 INFO  [Login] Nome de usuario inserido no campo username 
2020-01-17 01:59:49,410 INFO  [Login] Senha do usuario inserida no campo password 
2020-01-17 01:59:49,557 INFO  [Login] Botao login clicado 
2020-01-17 01:59:51,248 INFO  [Login] Print da tela efetuado 
2020-01-17 01:59:51,912 INFO  [DriverFactory] Driver encerrado 
2020-01-17 01:59:51,912 INFO  [ConfigInicial] Navegador encerrado 
2020-01-17 01:59:51,931 INFO  [ConfigInicial] Configuracoes iniciais em andamento 
2020-01-17 01:59:57,353 INFO  [DriverFactory] Driver criado 
2020-01-17 01:59:58,556 INFO  [DriverFactory] Navegador inicializado com o site https://www.advantageonlineshopping.com/#/ 
2020-01-17 02:00:02,719 INFO  [DriverFactory] Navegador maximizado 
2020-01-17 02:00:02,726 INFO  [DriverFactory] Comando de espera ImplicityWait inicializado 
2020-01-17 02:00:02,726 INFO  [ConfigInicial] Driver fabricado 
2020-01-17 02:00:02,727 INFO  [ConfigInicial] HomePageFactory inicializado 
2020-01-17 02:00:02,727 INFO  [ConfigInicial] LoginPageFactory inicializado 
2020-01-17 02:00:02,728 INFO  [ConfigInicial] RegisterPageFactory inicializado 
2020-01-17 02:00:02,778 INFO  [ConfigInicial] Massa de dados inicializada 
2020-01-17 02:00:02,778 INFO  [ConfigInicial] Configuracoes iniciais concluidas 
2020-01-17 02:00:03,096 INFO  [Cadastro] Botao conta clicado 
2020-01-17 02:00:04,028 INFO  [Cadastro] Botao criar nova conta clicado 
2020-01-17 02:00:04,744 INFO  [Cadastro] Iniciado o cadastro 
2020-01-17 02:00:04,744 INFO  [Cadastro] Nome de usuario inserido 
2020-01-17 02:00:05,151 INFO  [Cadastro] Email inserido 
2020-01-17 02:00:05,463 INFO  [Cadastro] Senha inserida 
2020-01-17 02:00:05,739 INFO  [Cadastro] Senha confirmada 
2020-01-17 02:00:06,047 INFO  [Cadastro] Nome inserido 
2020-01-17 02:00:06,360 INFO  [Cadastro] Sobrenome inserido 
2020-01-17 02:00:06,901 INFO  [Cadastro] Telefone inserido 
2020-01-17 02:00:07,146 INFO  [Cadastro] Nacionalidade selecionada 
2020-01-17 02:00:07,418 INFO  [Cadastro] Cidade inserida 
2020-01-17 02:00:08,013 INFO  [Cadastro] Endereco inserido 
2020-01-17 02:00:08,215 INFO  [Cadastro] Estado inserido 
2020-01-17 02:00:08,509 INFO  [Cadastro] CEP inserido 
2020-01-17 02:00:08,683 INFO  [Cadastro] Botao promocoes clicado 
2020-01-17 02:00:08,883 INFO  [Cadastro] Botao termos de uso clicado 
2020-01-17 02:00:09,143 INFO  [Cadastro] Botao register clicado 
2020-01-17 02:00:20,480 INFO  [DriverFactory] Driver encerrado 
2020-01-17 02:00:20,480 INFO  [ConfigInicial] Navegador encerrado 
